============================= test session starts =============================
platform win32 -- Python 3.14.6, pytest-9.1.1, pluggy-1.6.0 -- C:\_repos\HTX Assessment\.venv\Scripts\python.exe
cachedir: .pytest_cache
rootdir: C:\_repos\HTX Assessment
configfile: pyproject.toml
plugins: anyio-4.14.2, langsmith-0.11.1, asyncio-1.4.0, mock-3.15.1
asyncio: mode=Mode.AUTO, debug=False, asyncio_default_fixture_loop_scope=None, asyncio_default_test_loop_scope=function
collecting ... collected 99 items

tests/test_models.py::TestNormalizedNumber::test_valid_construction PASSED [  1%]
tests/test_models.py::TestNormalizedNumber::test_missing_field_raises PASSED [  2%]
tests/test_models.py::TestNormalizedNumber::test_wrong_type_raises PASSED [  3%]
tests/test_models.py::TestCorporateTaxEvidence::test_optional_fields_default_none PASSED [  4%]
tests/test_models.py::TestCorporateTaxEvidence::test_full_construction PASSED [  5%]
tests/test_models.py::TestCorporateTaxEvidence::test_wrong_page_type_raises PASSED [  6%]
tests/test_models.py::TestTaxWithEvidence::test_valid PASSED             [  7%]
tests/test_models.py::TestTaxWithEvidence::test_missing_name_raises PASSED [  8%]
tests/test_models.py::TestTaxWithEvidence::test_missing_evidence_raises PASSED [  9%]
tests/test_models.py::TestOperatingRevenueTaxes::test_valid PASSED       [ 10%]
tests/test_models.py::TestOperatingRevenueTaxes::test_empty_taxes_allowed PASSED [ 11%]
tests/test_models.py::TestOperatingRevenueTaxes::test_missing_taxes_raises PASSED [ 12%]
tests/test_models.py::TestTableCellSelection::test_valid PASSED          [ 13%]
tests/test_models.py::TestTableCellSelection::test_missing_required_raises PASSED [ 14%]
tests/test_models.py::TestPart1Result::test_valid_construction PASSED    [ 15%]
tests/test_models.py::TestPart1Result::test_invalid_float_raises PASSED  [ 16%]
tests/test_models.py::TestPart1Result::test_missing_field_raises PASSED  [ 17%]
tests/test_normalizers.py::TestNormalizeToFloat::test_thousands_separator PASSED [ 18%]
tests/test_normalizers.py::TestNormalizeToFloat::test_thousands_separator_large PASSED [ 19%]
tests/test_normalizers.py::TestNormalizeToFloat::test_percentage PASSED  [ 20%]
tests/test_normalizers.py::TestNormalizeToFloat::test_percentage_no_decimal PASSED [ 21%]
tests/test_normalizers.py::TestNormalizeToFloat::test_dollar_prefix PASSED [ 22%]
tests/test_normalizers.py::TestNormalizeToFloat::test_dollar_with_unit PASSED [ 23%]
tests/test_normalizers.py::TestNormalizeToFloat::test_dollar_million PASSED [ 24%]
tests/test_normalizers.py::TestNormalizeToFloat::test_parenthesised_negative PASSED [ 25%]
tests/test_normalizers.py::TestNormalizeToFloat::test_parenthesised_negative_integer PASSED [ 26%]
tests/test_normalizers.py::TestNormalizeToFloat::test_minus_sign PASSED  [ 27%]
tests/test_normalizers.py::TestNormalizeToFloat::test_plain_float PASSED [ 28%]
tests/test_normalizers.py::TestNormalizeToFloat::test_plain_integer PASSED [ 29%]
tests/test_normalizers.py::TestNormalizeToFloat::test_billions_with_thousands PASSED [ 30%]
tests/test_normalizers.py::TestNormalizeToFloat::test_empty_string_raises PASSED [ 31%]
tests/test_normalizers.py::TestNormalizeToFloat::test_non_numeric_raises PASSED [ 32%]
tests/test_normalizers.py::TestNormalizeToFloat::test_whitespace_only_raises PASSED [ 33%]
tests/test_pdf_parser.py::TestPageIndex::test_page_1 PASSED              [ 34%]
tests/test_pdf_parser.py::TestPageIndex::test_page_5 PASSED              [ 35%]
tests/test_pdf_parser.py::TestPageIndex::test_page_20 PASSED             [ 36%]
tests/test_pdf_parser.py::TestPageIndex::test_zero_raises PASSED         [ 37%]
tests/test_pdf_parser.py::TestIsNumericToken::test_numeric_tokens[1.72] PASSED [ 38%]
tests/test_pdf_parser.py::TestIsNumericToken::test_numeric_tokens[28.4] PASSED [ 39%]
tests/test_pdf_parser.py::TestIsNumericToken::test_numeric_tokens[(3.57)] PASSED [ 40%]
tests/test_pdf_parser.py::TestIsNumericToken::test_numeric_tokens[(0.35)] PASSED [ 41%]
tests/test_pdf_parser.py::TestIsNumericToken::test_numeric_tokens[17.0] PASSED [ 42%]
tests/test_pdf_parser.py::TestIsNumericToken::test_numeric_tokens[23.07] PASSED [ 43%]
tests/test_pdf_parser.py::TestIsNumericToken::test_numeric_tokens[104.30] PASSED [ 44%]
tests/test_pdf_parser.py::TestIsNumericToken::test_numeric_tokens[20,352] PASSED [ 45%]
tests/test_pdf_parser.py::TestIsNumericToken::test_non_numeric_tokens[BLANK] PASSED [ 46%]
tests/test_pdf_parser.py::TestIsNumericToken::test_non_numeric_tokens[FY2023] PASSED [ 47%]
tests/test_pdf_parser.py::TestIsNumericToken::test_non_numeric_tokens[$billion] PASSED [ 48%]
tests/test_pdf_parser.py::TestIsNumericToken::test_non_numeric_tokens[% change] PASSED [ 49%]
tests/test_pdf_parser.py::TestIsNumericToken::test_non_numeric_tokens[Corporate] PASSED [ 50%]
tests/test_pdf_parser.py::TestIsNumericToken::test_non_numeric_tokens[-] PASSED [ 51%]
tests/test_pdf_parser.py::TestIsNumericToken::test_non_numeric_tokens[Add:] PASSED [ 52%]
tests/test_pdf_parser.py::TestIsNumericToken::test_non_numeric_tokens[Note:] PASSED [ 53%]
tests/test_pdf_parser.py::TestIsGarbledCoordinateLine::test_garbled_line_detected PASSED [ 54%]
tests/test_pdf_parser.py::TestIsGarbledCoordinateLine::test_normal_line_not_garbled PASSED [ 55%]
tests/test_pdf_parser.py::TestIsGarbledCoordinateLine::test_thousands_separator_not_garbled PASSED [ 56%]
tests/test_pdf_parser.py::TestSplitLabelValues::test_standard_row PASSED [ 57%]
tests/test_pdf_parser.py::TestSplitLabelValues::test_overall_fiscal_position PASSED [ 58%]
tests/test_pdf_parser.py::TestSplitLabelValues::test_blank_header_line_returns_none PASSED [ 59%]
tests/test_pdf_parser.py::TestSplitLabelValues::test_blank_label_line_returns_none PASSED [ 60%]
tests/test_pdf_parser.py::TestSplitLabelValues::test_garbled_line_returns_none PASSED [ 61%]
tests/test_pdf_parser.py::TestSplitLabelValues::test_section_marker_add_returns_none PASSED [ 62%]
tests/test_pdf_parser.py::TestSplitLabelValues::test_empty_line_returns_none PASSED [ 63%]
tests/test_pdf_parser.py::TestSplitLabelValues::test_row_with_parenthesised_negatives PASSED [ 64%]
tests/test_pdf_parser.py::TestCleanSparseRow::test_strips_nones PASSED   [ 65%]
tests/test_pdf_parser.py::TestCleanSparseRow::test_strips_empty_strings PASSED [ 66%]
tests/test_pdf_parser.py::TestCleanSparseRow::test_all_none_returns_empty PASSED [ 67%]
tests/test_pdf_parser.py::TestParsedTableGetCell::test_exact_match PASSED [ 68%]
tests/test_pdf_parser.py::TestParsedTableGetCell::test_substring_row_match PASSED [ 69%]
tests/test_pdf_parser.py::TestParsedTableGetCell::test_negative_cell PASSED [ 70%]
tests/test_pdf_parser.py::TestParsedTableGetCell::test_missing_row_raises PASSED [ 71%]
tests/test_pdf_parser.py::TestParsedTableGetCell::test_missing_column_raises PASSED [ 72%]
tests/test_pdf_parser.py::TestParsedTableGetCell::test_none_cell_raises PASSED [ 73%]
tests/test_pdf_parser.py::TestParsedTableGetCell::test_page20_total PASSED [ 74%]
tests/test_pdf_parser.py::TestToLlmText::test_contains_title PASSED      [ 75%]
tests/test_pdf_parser.py::TestToLlmText::test_contains_headers PASSED    [ 76%]
tests/test_pdf_parser.py::TestToLlmText::test_contains_row_data PASSED   [ 77%]
tests/test_pdf_parser.py::TestPdfParserIntegration::test_page5_text_contains_corporate_tax PASSED [ 78%]
tests/test_pdf_parser.py::TestPdfParserIntegration::test_page8_table_contains_fiscal_position PASSED [ 79%]
tests/test_pdf_parser.py::TestPdfParserIntegration::test_page8_table_fiscal_position_value PASSED [ 80%]
tests/test_pdf_parser.py::TestPdfParserIntegration::test_page20_table_total PASSED [ 81%]
tests/test_pdf_parser.py::TestPdfParserIntegration::test_pages_text_returns_dict PASSED [ 82%]
tests/test_validators.py::TestValidateEvidenceInSource::test_exact_match_passes PASSED [ 83%]
tests/test_validators.py::TestValidateEvidenceInSource::test_whitespace_normalisation_passes PASSED [ 84%]
tests/test_validators.py::TestValidateEvidenceInSource::test_leading_trailing_whitespace_passes PASSED [ 85%]
tests/test_validators.py::TestValidateEvidenceInSource::test_missing_evidence_raises PASSED [ 86%]
tests/test_validators.py::TestValidateEvidenceInSource::test_empty_evidence_raises PASSED [ 87%]
tests/test_validators.py::TestValidateValueInEvidence::test_value_present_passes PASSED [ 88%]
tests/test_validators.py::TestValidateValueInEvidence::test_value_absent_raises PASSED [ 89%]
tests/test_validators.py::TestValidateValueInEvidence::test_none_equivalent_raises PASSED [ 90%]
tests/test_validators.py::TestValidateTaxWithEvidence::test_valid_tax_passes PASSED [ 91%]
tests/test_validators.py::TestValidateTaxWithEvidence::test_name_not_in_evidence_raises PASSED [ 92%]
tests/test_validators.py::TestValidateTaxWithEvidence::test_evidence_not_in_source_raises PASSED [ 93%]
tests/test_validators.py::TestValidateTaxWithEvidence::test_empty_evidence_raises PASSED [ 94%]
tests/test_validators.py::TestValidateTableCell::test_exact_row_and_column_succeeds PASSED [ 95%]
tests/test_validators.py::TestValidateTableCell::test_partial_row_label_match_succeeds PASSED [ 96%]
tests/test_validators.py::TestValidateTableCell::test_nonexistent_row_raises PASSED [ 97%]
tests/test_validators.py::TestValidateTableCell::test_nonexistent_column_raises PASSED [ 98%]
tests/test_validators.py::TestValidateTableCell::test_none_cell_raises PASSED [100%]

============================= 99 passed in 2.16s ==============================
